<?xml version="1.0" encoding="UTF-8"?>
<!-- Generated by org.testng.reporters.JUnitXMLReporter -->
<testsuite ignored="0" hostname="Priyankas-Air.fios-router.home" failures="1" tests="2" name="Surefire test" time="19.172" errors="0" timestamp="2024-10-24T10:50:02 EDT">
  <testcase classname="io.cucumber.testng.AbstractTestNGCucumberTests" name="runScenario" time="18.56"/>
  <testcase classname="io.cucumber.testng.AbstractTestNGCucumberTests" name="runScenario" time="18.662">
    <failure type="java.lang.AssertionError" message="expected [Beetroot] but found [No data]">
      <![CDATA[java.lang.AssertionError: expected [Beetroot] but found [No data]
at userStepDefinitions.TopDealsPageSteps.user_validate_the_name_of_the_product(TopDealsPageSteps.java:54)
at âœ½.User validate the name of the product(file:///Users/priyankaraju/eclipse-workspace/cucumber_framework/src/test/java/features/search_product.feature:11)
... Removed 6 stack frames]]>
    </failure>
  </testcase> <!-- runScenario -->
</testsuite> <!-- Surefire test -->
