<?xml version="1.0" encoding="UTF-8"?>
<testng-results ignored="0" total="1" passed="0" failed="1" skipped="0">
  <reporter-output>
  </reporter-output>
  <suite started-at="2024-10-22T11:33:25 EDT" name="Default suite" finished-at="2024-10-22T11:33:43 EDT" duration-ms="17749">
    <groups>
      <group name="cucumber">
        <method signature="AbstractTestNGCucumberTests.runScenario(io.cucumber.testng.PickleWrapper,io.cucumber.testng.FeatureWrapper)[pri:0, instance:CucumberOptions.failedTestsRunner@51399530]" name="runScenario" class="io.cucumber.testng.AbstractTestNGCucumberTests"/>
      </group> <!-- cucumber -->
    </groups>
    <test started-at="2024-10-22T11:33:25 EDT" name="Default test" finished-at="2024-10-22T11:33:43 EDT" duration-ms="17749">
      <class name="CucumberOptions.failedTestsRunner">
        <test-method is-config="true" signature="setUpClass(org.testng.ITestContext)[pri:0, instance:CucumberOptions.failedTestsRunner@51399530]" started-at="2024-10-22T11:33:25 EDT" name="setUpClass" finished-at="2024-10-22T11:33:26 EDT" duration-ms="326" status="PASS">
          <params>
            <param index="0">
              <value>
                <![CDATA[org.testng.TestRunner@655523dd]]>
              </value>
            </param>
          </params>
          <reporter-output>
          </reporter-output>
        </test-method> <!-- setUpClass -->
        <test-method signature="runScenario(io.cucumber.testng.PickleWrapper,io.cucumber.testng.FeatureWrapper)[pri:0, instance:CucumberOptions.failedTestsRunner@51399530]" started-at="2024-10-22T11:33:26 EDT" name="runScenario" description="Runs Cucumber Scenarios" data-provider="scenarios" finished-at="2024-10-22T11:33:43 EDT" duration-ms="17248" status="FAIL">
          <params>
            <param index="0">
              <value>
                <![CDATA["User search for products in home page and in Top deals page"]]>
              </value>
            </param>
            <param index="1">
              <value>
                <![CDATA["Search"]]>
              </value>
            </param>
          </params>
          <exception class="java.lang.AssertionError">
            <message>
              <![CDATA[expected [Beetroot] but found [No data]]]>
            </message>
            <full-stacktrace>
              <![CDATA[java.lang.AssertionError: expected [Beetroot] but found [No data]
at org.testng.Assert.fail(Assert.java:111)
at org.testng.Assert.failNotEquals(Assert.java:1578)
at org.testng.Assert.assertEqualsImpl(Assert.java:150)
at org.testng.Assert.assertEquals(Assert.java:132)
at org.testng.Assert.assertEquals(Assert.java:656)
at org.testng.Assert.assertEquals(Assert.java:666)
at userStepDefinitions.TopDealsPageSteps.user_validate_the_name_of_the_product(TopDealsPageSteps.java:54)
at âœ½.User validate the name of the product(file:///Users/priyankaraju/eclipse-workspace/cucumber_framework/src/test/java/features/search_product.feature:11)
]]>
            </full-stacktrace>
          </exception> <!-- java.lang.AssertionError -->
          <reporter-output>
          </reporter-output>
        </test-method> <!-- runScenario -->
        <test-method is-config="true" signature="tearDownClass()[pri:0, instance:CucumberOptions.failedTestsRunner@51399530]" started-at="2024-10-22T11:33:43 EDT" name="tearDownClass" finished-at="2024-10-22T11:33:43 EDT" duration-ms="150" status="PASS">
          <reporter-output>
          </reporter-output>
        </test-method> <!-- tearDownClass -->
      </class> <!-- CucumberOptions.failedTestsRunner -->
    </test> <!-- Default test -->
  </suite> <!-- Default suite -->
</testng-results>
