<?xml version="1.0" encoding="UTF-8"?>
<!-- Generated by org.testng.reporters.JUnitReportReporter -->
<testsuite hostname="Priyankas-Air.fios-router.home" failures="1" tests="3" name="CucumberOptions.TestRunner" time="51.145" errors="0" timestamp="2024-10-22T11:30:50 EDT" skipped="0">
  <testcase classname="CucumberOptions.TestRunner" name="runScenario" time="15.167"/>
  <testcase classname="CucumberOptions.TestRunner" name="runScenario" time="15.335">
    <failure message="expected [Beetroot] but found [No data]" type="java.lang.AssertionError">
      <![CDATA[java.lang.AssertionError: expected [Beetroot] but found [No data]
at org.testng.Assert.fail(Assert.java:111)
at org.testng.Assert.failNotEquals(Assert.java:1578)
at org.testng.Assert.assertEqualsImpl(Assert.java:150)
at org.testng.Assert.assertEquals(Assert.java:132)
at org.testng.Assert.assertEquals(Assert.java:656)
at org.testng.Assert.assertEquals(Assert.java:666)
at userStepDefinitions.TopDealsPageSteps.user_validate_the_name_of_the_product(TopDealsPageSteps.java:54)
at âœ½.User validate the name of the product(file:///Users/priyankaraju/eclipse-workspace/cucumber_framework/src/test/java/features/search_product.feature:11)
]]>
    </failure>
  </testcase> <!-- runScenario -->
  <testcase classname="CucumberOptions.TestRunner" name="runScenario" time="20.643"/>
</testsuite> <!-- CucumberOptions.TestRunner -->
